  Character.cpp
C:\Users\mj111\Desktop\프로그램 파일\Game_Object_Oriented_Programing\C++_Game\Character.h(1,1): warning C4819: 현재 코드 페이지(949)에서 표시할 수 없는 문자가 파일에 들어 있습니다. 데이터가 손실되지 않게 하려면 해당 파일을 유니코드 형식으로 저장하십시오.
  (소스 파일 'Character.cpp'을(를) 컴파일하는 중)
  
  GameManager.cpp
C:\Users\mj111\Desktop\프로그램 파일\Game_Object_Oriented_Programing\C++_Game\Character.h(1,1): warning C4819: 현재 코드 페이지(949)에서 표시할 수 없는 문자가 파일에 들어 있습니다. 데이터가 손실되지 않게 하려면 해당 파일을 유니코드 형식으로 저장하십시오.
  (소스 파일 'GameManager.cpp'을(를) 컴파일하는 중)
  
C:\Users\mj111\Desktop\프로그램 파일\Game_Object_Oriented_Programing\C++_Game\GameManager.h(1,1): warning C4819: 현재 코드 페이지(949)에서 표시할 수 없는 문자가 파일에 들어 있습니다. 데이터가 손실되지 않게 하려면 해당 파일을 유니코드 형식으로 저장하십시오.
  (소스 파일 'GameManager.cpp'을(를) 컴파일하는 중)
  
C:\Users\mj111\Desktop\프로그램 파일\Game_Object_Oriented_Programing\C++_Game\GameManager.cpp(129,13): warning C4267: '초기화 중': 'size_t'에서 'int'(으)로 변환하면서 데이터가 손실될 수 있습니다.
  Script.cpp
C:\Users\mj111\Desktop\프로그램 파일\Game_Object_Oriented_Programing\C++_Game\GameManager.h(1,1): warning C4819: 현재 코드 페이지(949)에서 표시할 수 없는 문자가 파일에 들어 있습니다. 데이터가 손실되지 않게 하려면 해당 파일을 유니코드 형식으로 저장하십시오.
  (소스 파일 'Script.cpp'을(를) 컴파일하는 중)
  
C:\Users\mj111\Desktop\프로그램 파일\Game_Object_Oriented_Programing\C++_Game\Character.h(1,1): warning C4819: 현재 코드 페이지(949)에서 표시할 수 없는 문자가 파일에 들어 있습니다. 데이터가 손실되지 않게 하려면 해당 파일을 유니코드 형식으로 저장하십시오.
  (소스 파일 'Script.cpp'을(를) 컴파일하는 중)
  
  main.cpp
C:\Users\mj111\Desktop\프로그램 파일\Game_Object_Oriented_Programing\C++_Game\GameManager.h(1,1): warning C4819: 현재 코드 페이지(949)에서 표시할 수 없는 문자가 파일에 들어 있습니다. 데이터가 손실되지 않게 하려면 해당 파일을 유니코드 형식으로 저장하십시오.
  (소스 파일 'main.cpp'을(를) 컴파일하는 중)
  
C:\Users\mj111\Desktop\프로그램 파일\Game_Object_Oriented_Programing\C++_Game\Character.h(1,1): warning C4819: 현재 코드 페이지(949)에서 표시할 수 없는 문자가 파일에 들어 있습니다. 데이터가 손실되지 않게 하려면 해당 파일을 유니코드 형식으로 저장하십시오.
  (소스 파일 'main.cpp'을(를) 컴파일하는 중)
  
  코드를 생성하고 있습니다...
  C++_Game.vcxproj -> C:\Users\mj111\Desktop\프로그램 파일\Game_Object_Oriented_Programing\C++_Game\x64\Debug\C++_Game.exe
